Using pre-set license
Built from '2020.3/staging' branch; Version is '2020.3.9f1 (108be757e447) revision 1084391'; Using compiler version '192528614'; Build Type 'Release'
OS: 'Windows 10 Home; OS build 19042.1110; Version 2009; 64bit' Language: 'en' Physical Memory: 8043 MB
BatchMode: 1, IsHumanControllingUs: 0, StartBugReporterOnCrash: 0, Is64bit: 1, IsPro: 0

 COMMAND LINE ARGUMENTS:
C:\Program Files\UnityEditors\2020.3.9f1\Editor\Unity.exe
-adb2
-batchMode
-noUpm
-name
AssetImportWorker0
-projectPath
C:/Users/NarraAtor/source/repos/Synergi-Copy/Synergi card game
-logFile
Logs/AssetImportWorker0.log
-srvPort
2216
Successfully changed project path to: C:/Users/NarraAtor/source/repos/Synergi-Copy/Synergi card game
C:/Users/NarraAtor/source/repos/Synergi-Copy/Synergi card game
Using Asset Import Pipeline V2.
Refreshing native plugins compatible for Editor in 44.97 ms, found 0 plugins.
Preloading 0 native plugins for Editor in 0.00 ms.
Initialize engine version: 2020.3.9f1 (108be757e447)
[Subsystems] Discovering subsystems at path C:/Program Files/UnityEditors/2020.3.9f1/Editor/Data/Resources/UnitySubsystems
[Subsystems] Discovering subsystems at path C:/Users/NarraAtor/source/repos/Synergi-Copy/Synergi card game/Assets
GfxDevice: creating device client; threaded=0
Direct3D:
    Version:  Direct3D 11.0 [level 11.1]
    Renderer: NVIDIA GeForce GTX 1650 (ID=0x1f91)
    Vendor:   
    VRAM:     3962 MB
    Driver:   30.0.14.7141
Initialize mono
Mono path[0] = 'C:/Program Files/UnityEditors/2020.3.9f1/Editor/Data/Managed'
Mono path[1] = 'C:/Program Files/UnityEditors/2020.3.9f1/Editor/Data/MonoBleedingEdge/lib/mono/unityjit'
Mono config path = 'C:/Program Files/UnityEditors/2020.3.9f1/Editor/Data/MonoBleedingEdge/etc'
Using monoOptions --debugger-agent=transport=dt_socket,embedding=1,server=y,suspend=n,address=127.0.0.1:56564
Begin MonoManager ReloadAssembly
Registering precompiled unity dll's ...
Register platform support module: C:/Program Files/UnityEditors/2020.3.9f1/Editor/Data/PlaybackEngines/WebGLSupport/UnityEditor.WebGL.Extensions.dll
Register platform support module: C:/Program Files/UnityEditors/2020.3.9f1/Editor/Data/PlaybackEngines/WindowsStandaloneSupport/UnityEditor.WindowsStandalone.Extensions.dll
Registered in 0.002561 seconds.
Native extension for WindowsStandalone target not found
Native extension for WebGL target not found
Refreshing native plugins compatible for Editor in 37.34 ms, found 0 plugins.
Preloading 0 native plugins for Editor in 0.00 ms.
Mono: successfully reloaded assembly
- Completed reload, in  5.964 seconds
Platform modules already initialized, skipping
Registering precompiled user dll's ...
Registered in 0.002400 seconds.
Begin MonoManager ReloadAssembly
Native extension for WindowsStandalone target not found
Native extension for WebGL target not found
Refreshing native plugins compatible for Editor in 2.96 ms, found 0 plugins.
Preloading 0 native plugins for Editor in 0.00 ms.
Find all reader and writers took 127 milliseconds
Script Module: UnityEngine.UI.dll
Weave behaviours and messages took 97 milliseconds
Find all reader and writers took 87 milliseconds
Script Module: UnityEngine.TestRunner.dll
Weave behaviours and messages took 26 milliseconds
Find all reader and writers took 158 milliseconds
Script Module: SimpleWebTransport.dll
Weave behaviours and messages took 10 milliseconds
Find all reader and writers took 108 milliseconds
Script Module: Unity.Timeline.dll
Weave behaviours and messages took 49 milliseconds
Find all reader and writers took 241 milliseconds
Script Module: Unity.TextMeshPro.dll
Weave behaviours and messages took 271 milliseconds
Find all reader and writers took 95 milliseconds
Script Module: Unity.Postprocessing.Runtime.dll
Weave behaviours and messages took 55 milliseconds
Find all reader and writers took 90 milliseconds
Script Module: kcp2k.dll
Weave behaviours and messages took 3 milliseconds
Find all reader and writers took 93 milliseconds
Script Module: Telepathy.dll
Weave behaviours and messages took 5 milliseconds
Find all reader and writers took 62 milliseconds
Script Module: where-allocations.dll
Weave behaviours and messages took 0 milliseconds
Find all reader and writers took 158 milliseconds
Script Module: UnityEditor.TestRunner.dll
Weave behaviours and messages took 71 milliseconds
Find all reader and writers took 108 milliseconds
Script Module: UnityEditor.UI.dll
Weave behaviours and messages took 15 milliseconds
Find all reader and writers took 87 milliseconds
Script Module: Mirror.CompilerSymbols.dll
Weave behaviours and messages took 0 milliseconds
Mono: successfully reloaded assembly
- Completed reload, in  6.017 seconds
Platform modules already initialized, skipping
========================================================================
Worker process is ready to serve import requests
Launched and connected shader compiler UnityShaderCompiler.exe after 0.08 seconds
Refreshing native plugins compatible for Editor in 0.60 ms, found 0 plugins.
Preloading 0 native plugins for Editor in 0.00 ms.
Unloading 1541 Unused Serialized files (Serialized files now loaded: 0)
System memory in use before: 76.7 MB.
System memory in use after: 74.9 MB.

Unloading 38 unused Assets to reduce memory usage. Loaded Objects now: 1956.
Total: 32.470800 ms (FindLiveObjects: 0.595200 ms CreateObjectMapping: 0.188500 ms MarkObjects: 18.054700 ms  DeleteObjects: 13.628200 ms)

========================================================================
Received Import Request.
  path: Assets/Resources/Scripts/Turn_Scripts/Turn_Manager.cs
  artifactKey: Guid(56018b7259927524399e79bdbe5a1e59) Importer(815301076,1909f56bfc062723c751e8b465ee728b)
Start importing Assets/Resources/Scripts/Turn_Scripts/Turn_Manager.cs using Guid(56018b7259927524399e79bdbe5a1e59) Importer(815301076,1909f56bfc062723c751e8b465ee728b)  -> (artifact id: '547843372352d2e7725bbd2fd8520732') in 0.074988 seconds
  Import took 0.081064 seconds .

========================================================================
Received Prepare
Registering precompiled user dll's ...
Registered in 0.002658 seconds.
Begin MonoManager ReloadAssembly
Native extension for WindowsStandalone target not found
Native extension for WebGL target not found
Refreshing native plugins compatible for Editor in 2.21 ms, found 0 plugins.
Preloading 0 native plugins for Editor in 0.00 ms.
Mono: successfully reloaded assembly
- Completed reload, in  1.323 seconds
Platform modules already initialized, skipping
Refreshing native plugins compatible for Editor in 0.31 ms, found 0 plugins.
Preloading 0 native plugins for Editor in 0.00 ms.
Unloading 1520 Unused Serialized files (Serialized files now loaded: 0)
System memory in use before: 75.1 MB.
System memory in use after: 73.4 MB.

Unloading 33 unused Assets to reduce memory usage. Loaded Objects now: 1958.
Total: 2.220400 ms (FindLiveObjects: 0.165700 ms CreateObjectMapping: 0.055400 ms MarkObjects: 1.417900 ms  DeleteObjects: 0.580300 ms)

========================================================================
Received Prepare
Refreshing native plugins compatible for Editor in 3.86 ms, found 0 plugins.
Preloading 0 native plugins for Editor in 0.00 ms.
Unloading 32 Unused Serialized files (Serialized files now loaded: 0)
System memory in use before: 45.3 MB.
System memory in use after: 43.6 MB.

Unloading 31 unused Assets to reduce memory usage. Loaded Objects now: 1958.
Total: 3.247700 ms (FindLiveObjects: 0.182800 ms CreateObjectMapping: 0.051900 ms MarkObjects: 1.857700 ms  DeleteObjects: 1.154400 ms)

========================================================================
Received Prepare
Registering precompiled user dll's ...
Registered in 0.006486 seconds.
Begin MonoManager ReloadAssembly
Native extension for WindowsStandalone target not found
Native extension for WebGL target not found
Refreshing native plugins compatible for Editor in 0.73 ms, found 0 plugins.
Preloading 0 native plugins for Editor in 0.00 ms.
Mono: successfully reloaded assembly
- Completed reload, in  1.781 seconds
Platform modules already initialized, skipping
Refreshing native plugins compatible for Editor in 1.29 ms, found 0 plugins.
Preloading 0 native plugins for Editor in 0.00 ms.
Unloading 1520 Unused Serialized files (Serialized files now loaded: 0)
System memory in use before: 75.1 MB.
System memory in use after: 73.4 MB.

Unloading 33 unused Assets to reduce memory usage. Loaded Objects now: 1960.
Total: 9.192500 ms (FindLiveObjects: 0.740900 ms CreateObjectMapping: 0.167000 ms MarkObjects: 6.638700 ms  DeleteObjects: 1.641000 ms)

========================================================================
Received Prepare
Registering precompiled user dll's ...
Registered in 0.002903 seconds.
Begin MonoManager ReloadAssembly
Native extension for WindowsStandalone target not found
Native extension for WebGL target not found
Refreshing native plugins compatible for Editor in 0.32 ms, found 0 plugins.
Preloading 0 native plugins for Editor in 0.00 ms.
Mono: successfully reloaded assembly
- Completed reload, in  0.882 seconds
Platform modules already initialized, skipping
Refreshing native plugins compatible for Editor in 0.31 ms, found 0 plugins.
Preloading 0 native plugins for Editor in 0.00 ms.
Unloading 1520 Unused Serialized files (Serialized files now loaded: 0)
System memory in use before: 75.2 MB.
System memory in use after: 73.4 MB.

Unloading 33 unused Assets to reduce memory usage. Loaded Objects now: 1962.
Total: 2.489200 ms (FindLiveObjects: 0.155100 ms CreateObjectMapping: 0.042400 ms MarkObjects: 1.620100 ms  DeleteObjects: 0.670600 ms)

========================================================================
Received Prepare
Refreshing native plugins compatible for Editor in 3.22 ms, found 0 plugins.
Preloading 0 native plugins for Editor in 0.00 ms.
Unloading 32 Unused Serialized files (Serialized files now loaded: 0)
System memory in use before: 45.4 MB.
System memory in use after: 43.6 MB.

Unloading 31 unused Assets to reduce memory usage. Loaded Objects now: 1962.
Total: 4.862900 ms (FindLiveObjects: 0.198800 ms CreateObjectMapping: 0.054600 ms MarkObjects: 3.778100 ms  DeleteObjects: 0.830100 ms)

========================================================================
Received Prepare
Registering precompiled user dll's ...
Registered in 0.002942 seconds.
Begin MonoManager ReloadAssembly
Native extension for WindowsStandalone target not found
Native extension for WebGL target not found
Refreshing native plugins compatible for Editor in 0.35 ms, found 0 plugins.
Preloading 0 native plugins for Editor in 0.00 ms.
Mono: successfully reloaded assembly
- Completed reload, in  0.920 seconds
Platform modules already initialized, skipping
Refreshing native plugins compatible for Editor in 0.31 ms, found 0 plugins.
Preloading 0 native plugins for Editor in 0.00 ms.
Unloading 1520 Unused Serialized files (Serialized files now loaded: 0)
System memory in use before: 75.2 MB.
System memory in use after: 73.4 MB.

Unloading 33 unused Assets to reduce memory usage. Loaded Objects now: 1964.
Total: 2.355700 ms (FindLiveObjects: 0.171900 ms CreateObjectMapping: 0.050200 ms MarkObjects: 1.423000 ms  DeleteObjects: 0.709700 ms)

========================================================================
Received Prepare
Refreshing native plugins compatible for Editor in 2.03 ms, found 0 plugins.
Preloading 0 native plugins for Editor in 0.00 ms.
Unloading 32 Unused Serialized files (Serialized files now loaded: 0)
System memory in use before: 45.4 MB.
System memory in use after: 43.6 MB.

Unloading 31 unused Assets to reduce memory usage. Loaded Objects now: 1964.
Total: 2.586800 ms (FindLiveObjects: 0.209300 ms CreateObjectMapping: 0.056400 ms MarkObjects: 1.719400 ms  DeleteObjects: 0.601100 ms)

========================================================================
Received Prepare
Registering precompiled user dll's ...
Registered in 0.004348 seconds.
Begin MonoManager ReloadAssembly
Native extension for WindowsStandalone target not found
Native extension for WebGL target not found
Refreshing native plugins compatible for Editor in 0.50 ms, found 0 plugins.
Preloading 0 native plugins for Editor in 0.00 ms.
Mono: successfully reloaded assembly
- Completed reload, in  1.808 seconds
Platform modules already initialized, skipping
Refreshing native plugins compatible for Editor in 1.09 ms, found 0 plugins.
Preloading 0 native plugins for Editor in 0.00 ms.
Unloading 1520 Unused Serialized files (Serialized files now loaded: 0)
System memory in use before: 75.2 MB.
System memory in use after: 73.4 MB.

Unloading 33 unused Assets to reduce memory usage. Loaded Objects now: 1966.
Total: 10.248100 ms (FindLiveObjects: 0.789400 ms CreateObjectMapping: 0.239000 ms MarkObjects: 6.579700 ms  DeleteObjects: 2.635400 ms)

========================================================================
Received Prepare
Registering precompiled user dll's ...
Registered in 0.002259 seconds.
Begin MonoManager ReloadAssembly
Native extension for WindowsStandalone target not found
Native extension for WebGL target not found
Refreshing native plugins compatible for Editor in 0.29 ms, found 0 plugins.
Preloading 0 native plugins for Editor in 0.00 ms.
Mono: successfully reloaded assembly
- Completed reload, in  0.834 seconds
Platform modules already initialized, skipping
Refreshing native plugins compatible for Editor in 0.29 ms, found 0 plugins.
Preloading 0 native plugins for Editor in 0.00 ms.
Unloading 1520 Unused Serialized files (Serialized files now loaded: 0)
System memory in use before: 75.2 MB.
System memory in use after: 73.4 MB.

Unloading 33 unused Assets to reduce memory usage. Loaded Objects now: 1968.
Total: 2.385400 ms (FindLiveObjects: 0.137500 ms CreateObjectMapping: 0.043300 ms MarkObjects: 1.679500 ms  DeleteObjects: 0.524200 ms)

========================================================================
Received Prepare
Refreshing native plugins compatible for Editor in 1.97 ms, found 0 plugins.
Preloading 0 native plugins for Editor in 0.00 ms.
Unloading 32 Unused Serialized files (Serialized files now loaded: 0)
System memory in use before: 45.4 MB.
System memory in use after: 43.6 MB.

Unloading 31 unused Assets to reduce memory usage. Loaded Objects now: 1968.
Total: 2.962600 ms (FindLiveObjects: 0.201600 ms CreateObjectMapping: 0.052300 ms MarkObjects: 2.160600 ms  DeleteObjects: 0.547200 ms)

========================================================================
Received Prepare
Registering precompiled user dll's ...
Registered in 0.003161 seconds.
Begin MonoManager ReloadAssembly
Native extension for WindowsStandalone target not found
Native extension for WebGL target not found
Refreshing native plugins compatible for Editor in 0.36 ms, found 0 plugins.
Preloading 0 native plugins for Editor in 0.00 ms.
Mono: successfully reloaded assembly
- Completed reload, in  0.852 seconds
Platform modules already initialized, skipping
Refreshing native plugins compatible for Editor in 0.54 ms, found 0 plugins.
Preloading 0 native plugins for Editor in 0.00 ms.
Unloading 1520 Unused Serialized files (Serialized files now loaded: 0)
System memory in use before: 75.2 MB.
System memory in use after: 73.4 MB.

Unloading 33 unused Assets to reduce memory usage. Loaded Objects now: 1970.
Total: 2.402700 ms (FindLiveObjects: 0.150800 ms CreateObjectMapping: 0.040500 ms MarkObjects: 1.627700 ms  DeleteObjects: 0.582800 ms)

========================================================================
Received Prepare
Registering precompiled user dll's ...
Registered in 0.009541 seconds.
Begin MonoManager ReloadAssembly
Native extension for WindowsStandalone target not found
Native extension for WebGL target not found
Refreshing native plugins compatible for Editor in 0.49 ms, found 0 plugins.
Preloading 0 native plugins for Editor in 0.00 ms.
Mono: successfully reloaded assembly
- Completed reload, in  2.021 seconds
Platform modules already initialized, skipping
Refreshing native plugins compatible for Editor in 11.37 ms, found 0 plugins.
Preloading 0 native plugins for Editor in 0.00 ms.
Unloading 1520 Unused Serialized files (Serialized files now loaded: 0)
System memory in use before: 75.2 MB.
System memory in use after: 73.5 MB.

Unloading 33 unused Assets to reduce memory usage. Loaded Objects now: 1972.
Total: 14.041300 ms (FindLiveObjects: 1.356000 ms CreateObjectMapping: 0.418000 ms MarkObjects: 7.219200 ms  DeleteObjects: 5.042200 ms)

========================================================================
Received Prepare
Registering precompiled user dll's ...
Registered in 0.002428 seconds.
Begin MonoManager ReloadAssembly
Native extension for WindowsStandalone target not found
Native extension for WebGL target not found
Refreshing native plugins compatible for Editor in 0.32 ms, found 0 plugins.
Preloading 0 native plugins for Editor in 0.00 ms.
Mono: successfully reloaded assembly
- Completed reload, in  0.837 seconds
Platform modules already initialized, skipping
Refreshing native plugins compatible for Editor in 0.29 ms, found 0 plugins.
Preloading 0 native plugins for Editor in 0.00 ms.
Unloading 1520 Unused Serialized files (Serialized files now loaded: 0)
System memory in use before: 75.2 MB.
System memory in use after: 73.5 MB.

Unloading 33 unused Assets to reduce memory usage. Loaded Objects now: 1974.
Total: 2.269300 ms (FindLiveObjects: 0.131400 ms CreateObjectMapping: 0.043600 ms MarkObjects: 1.580900 ms  DeleteObjects: 0.512800 ms)

========================================================================
Received Prepare
Refreshing native plugins compatible for Editor in 1.91 ms, found 0 plugins.
Preloading 0 native plugins for Editor in 0.00 ms.
Unloading 32 Unused Serialized files (Serialized files now loaded: 0)
System memory in use before: 45.4 MB.
System memory in use after: 43.7 MB.

Unloading 31 unused Assets to reduce memory usage. Loaded Objects now: 1974.
Total: 2.341400 ms (FindLiveObjects: 0.221500 ms CreateObjectMapping: 0.091700 ms MarkObjects: 1.431800 ms  DeleteObjects: 0.595500 ms)

========================================================================
Received Prepare
Registering precompiled user dll's ...
Registered in 0.006730 seconds.
Begin MonoManager ReloadAssembly
Native extension for WindowsStandalone target not found
Native extension for WebGL target not found
Refreshing native plugins compatible for Editor in 2.98 ms, found 0 plugins.
Preloading 0 native plugins for Editor in 0.00 ms.
Mono: successfully reloaded assembly
- Completed reload, in  2.041 seconds
Platform modules already initialized, skipping
Refreshing native plugins compatible for Editor in 0.93 ms, found 0 plugins.
Preloading 0 native plugins for Editor in 0.00 ms.
Unloading 1520 Unused Serialized files (Serialized files now loaded: 0)
System memory in use before: 75.2 MB.
System memory in use after: 73.5 MB.

Unloading 33 unused Assets to reduce memory usage. Loaded Objects now: 1976.
Total: 5.707000 ms (FindLiveObjects: 0.604400 ms CreateObjectMapping: 0.202900 ms MarkObjects: 2.910600 ms  DeleteObjects: 1.985200 ms)

========================================================================
Received Prepare
Refreshing native plugins compatible for Editor in 2.65 ms, found 0 plugins.
Preloading 0 native plugins for Editor in 0.00 ms.
Unloading 32 Unused Serialized files (Serialized files now loaded: 0)
System memory in use before: 45.4 MB.
System memory in use after: 43.7 MB.

Unloading 31 unused Assets to reduce memory usage. Loaded Objects now: 1976.
Total: 2.794300 ms (FindLiveObjects: 0.221600 ms CreateObjectMapping: 0.083700 ms MarkObjects: 1.845400 ms  DeleteObjects: 0.641300 ms)

========================================================================
Received Prepare
Registering precompiled user dll's ...
Registered in 0.003801 seconds.
Begin MonoManager ReloadAssembly
Native extension for WindowsStandalone target not found
Native extension for WebGL target not found
Refreshing native plugins compatible for Editor in 2.61 ms, found 0 plugins.
Preloading 0 native plugins for Editor in 0.00 ms.
Mono: successfully reloaded assembly
- Completed reload, in  1.946 seconds
Platform modules already initialized, skipping
Refreshing native plugins compatible for Editor in 1.52 ms, found 0 plugins.
Preloading 0 native plugins for Editor in 0.00 ms.
Unloading 1520 Unused Serialized files (Serialized files now loaded: 0)
System memory in use before: 75.2 MB.
System memory in use after: 73.5 MB.

Unloading 33 unused Assets to reduce memory usage. Loaded Objects now: 1978.
Total: 13.356300 ms (FindLiveObjects: 1.064000 ms CreateObjectMapping: 0.660300 ms MarkObjects: 10.102900 ms  DeleteObjects: 1.522700 ms)

========================================================================
Received Prepare
Registering precompiled user dll's ...
Registered in 0.002187 seconds.
Begin MonoManager ReloadAssembly
Native extension for WindowsStandalone target not found
Native extension for WebGL target not found
Refreshing native plugins compatible for Editor in 0.29 ms, found 0 plugins.
Preloading 0 native plugins for Editor in 0.00 ms.
Mono: successfully reloaded assembly
- Completed reload, in  0.794 seconds
Platform modules already initialized, skipping
Refreshing native plugins compatible for Editor in 0.29 ms, found 0 plugins.
Preloading 0 native plugins for Editor in 0.00 ms.
Unloading 1520 Unused Serialized files (Serialized files now loaded: 0)
System memory in use before: 75.2 MB.
System memory in use after: 73.5 MB.

Unloading 33 unused Assets to reduce memory usage. Loaded Objects now: 1980.
Total: 2.365500 ms (FindLiveObjects: 0.149300 ms CreateObjectMapping: 0.038600 ms MarkObjects: 1.647400 ms  DeleteObjects: 0.529600 ms)

========================================================================
Received Prepare
Refreshing native plugins compatible for Editor in 2.12 ms, found 0 plugins.
Preloading 0 native plugins for Editor in 0.00 ms.
Unloading 32 Unused Serialized files (Serialized files now loaded: 0)
System memory in use before: 45.4 MB.
System memory in use after: 43.7 MB.

Unloading 31 unused Assets to reduce memory usage. Loaded Objects now: 1980.
Total: 3.620500 ms (FindLiveObjects: 0.187200 ms CreateObjectMapping: 0.056800 ms MarkObjects: 1.900400 ms  DeleteObjects: 1.474700 ms)

========================================================================
Received Prepare
Registering precompiled user dll's ...
Registered in 0.005197 seconds.
Begin MonoManager ReloadAssembly
Native extension for WindowsStandalone target not found
Native extension for WebGL target not found
Refreshing native plugins compatible for Editor in 0.75 ms, found 0 plugins.
Preloading 0 native plugins for Editor in 0.00 ms.
Mono: successfully reloaded assembly
- Completed reload, in  1.891 seconds
Platform modules already initialized, skipping
Refreshing native plugins compatible for Editor in 2.87 ms, found 0 plugins.
Preloading 0 native plugins for Editor in 0.00 ms.
Unloading 1520 Unused Serialized files (Serialized files now loaded: 0)
System memory in use before: 75.2 MB.
System memory in use after: 73.5 MB.

Unloading 33 unused Assets to reduce memory usage. Loaded Objects now: 1982.
Total: 14.511800 ms (FindLiveObjects: 1.877800 ms CreateObjectMapping: 1.142200 ms MarkObjects: 8.957900 ms  DeleteObjects: 2.526400 ms)

========================================================================
Received Prepare
Registering precompiled user dll's ...
Registered in 0.003343 seconds.
Begin MonoManager ReloadAssembly
Native extension for WindowsStandalone target not found
Native extension for WebGL target not found
Refreshing native plugins compatible for Editor in 0.36 ms, found 0 plugins.
Preloading 0 native plugins for Editor in 0.00 ms.
Mono: successfully reloaded assembly
- Completed reload, in  1.067 seconds
Platform modules already initialized, skipping
Refreshing native plugins compatible for Editor in 0.29 ms, found 0 plugins.
Preloading 0 native plugins for Editor in 0.00 ms.
Unloading 1520 Unused Serialized files (Serialized files now loaded: 0)
System memory in use before: 75.2 MB.
System memory in use after: 73.5 MB.

Unloading 33 unused Assets to reduce memory usage. Loaded Objects now: 1984.
Total: 3.529600 ms (FindLiveObjects: 0.195300 ms CreateObjectMapping: 0.059100 ms MarkObjects: 2.716800 ms  DeleteObjects: 0.557400 ms)

========================================================================
Received Prepare
Refreshing native plugins compatible for Editor in 4.00 ms, found 0 plugins.
Preloading 0 native plugins for Editor in 0.00 ms.
Unloading 32 Unused Serialized files (Serialized files now loaded: 0)
System memory in use before: 45.4 MB.
System memory in use after: 43.7 MB.

Unloading 31 unused Assets to reduce memory usage. Loaded Objects now: 1984.
Total: 4.011200 ms (FindLiveObjects: 0.397000 ms CreateObjectMapping: 0.089200 ms MarkObjects: 2.764700 ms  DeleteObjects: 0.758500 ms)

========================================================================
Received Prepare
Registering precompiled user dll's ...
Registered in 0.003497 seconds.
Begin MonoManager ReloadAssembly
Native extension for WindowsStandalone target not found
Native extension for WebGL target not found
Refreshing native plugins compatible for Editor in 1.13 ms, found 0 plugins.
Preloading 0 native plugins for Editor in 0.00 ms.
Mono: successfully reloaded assembly
- Completed reload, in  1.207 seconds
Platform modules already initialized, skipping
Refreshing native plugins compatible for Editor in 0.39 ms, found 0 plugins.
Preloading 0 native plugins for Editor in 0.00 ms.
Unloading 1520 Unused Serialized files (Serialized files now loaded: 0)
System memory in use before: 75.2 MB.
System memory in use after: 73.5 MB.

Unloading 33 unused Assets to reduce memory usage. Loaded Objects now: 1986.
Total: 2.720300 ms (FindLiveObjects: 0.161000 ms CreateObjectMapping: 0.052400 ms MarkObjects: 1.795500 ms  DeleteObjects: 0.710400 ms)

========================================================================
Received Prepare
Registering precompiled user dll's ...
Registered in 0.003664 seconds.
Begin MonoManager ReloadAssembly
Native extension for WindowsStandalone target not found
Native extension for WebGL target not found
Refreshing native plugins compatible for Editor in 0.31 ms, found 0 plugins.
Preloading 0 native plugins for Editor in 0.00 ms.
Mono: successfully reloaded assembly
- Completed reload, in  1.159 seconds
Platform modules already initialized, skipping
Refreshing native plugins compatible for Editor in 1.32 ms, found 0 plugins.
Preloading 0 native plugins for Editor in 0.00 ms.
Unloading 1520 Unused Serialized files (Serialized files now loaded: 0)
System memory in use before: 75.2 MB.
System memory in use after: 73.5 MB.

Unloading 33 unused Assets to reduce memory usage. Loaded Objects now: 1988.
Total: 3.270300 ms (FindLiveObjects: 0.156100 ms CreateObjectMapping: 0.042600 ms MarkObjects: 2.413100 ms  DeleteObjects: 0.657200 ms)

========================================================================
Received Prepare
Registering precompiled user dll's ...
Registered in 0.002213 seconds.
Begin MonoManager ReloadAssembly
Native extension for WindowsStandalone target not found
Native extension for WebGL target not found
Refreshing native plugins compatible for Editor in 0.30 ms, found 0 plugins.
Preloading 0 native plugins for Editor in 0.00 ms.
Mono: successfully reloaded assembly
- Completed reload, in  0.787 seconds
Platform modules already initialized, skipping
Refreshing native plugins compatible for Editor in 0.32 ms, found 0 plugins.
Preloading 0 native plugins for Editor in 0.00 ms.
Unloading 1520 Unused Serialized files (Serialized files now loaded: 0)
System memory in use before: 75.2 MB.
System memory in use after: 73.5 MB.

Unloading 33 unused Assets to reduce memory usage. Loaded Objects now: 1990.
Total: 2.049500 ms (FindLiveObjects: 0.131500 ms CreateObjectMapping: 0.040700 ms MarkObjects: 1.372900 ms  DeleteObjects: 0.503700 ms)

========================================================================
Received Prepare
Refreshing native plugins compatible for Editor in 7.57 ms, found 0 plugins.
Preloading 0 native plugins for Editor in 0.00 ms.
Unloading 32 Unused Serialized files (Serialized files now loaded: 0)
System memory in use before: 45.4 MB.
System memory in use after: 43.7 MB.

Unloading 31 unused Assets to reduce memory usage. Loaded Objects now: 1990.
Total: 4.026100 ms (FindLiveObjects: 0.369400 ms CreateObjectMapping: 0.105600 ms MarkObjects: 2.669200 ms  DeleteObjects: 0.880500 ms)

========================================================================
Received Prepare
Registering precompiled user dll's ...
Registered in 0.004324 seconds.
Begin MonoManager ReloadAssembly
Native extension for WindowsStandalone target not found
Native extension for WebGL target not found
Refreshing native plugins compatible for Editor in 0.30 ms, found 0 plugins.
Preloading 0 native plugins for Editor in 0.00 ms.
Mono: successfully reloaded assembly
- Completed reload, in  0.965 seconds
Platform modules already initialized, skipping
Refreshing native plugins compatible for Editor in 0.35 ms, found 0 plugins.
Preloading 0 native plugins for Editor in 0.00 ms.
Unloading 1520 Unused Serialized files (Serialized files now loaded: 0)
System memory in use before: 75.3 MB.
System memory in use after: 73.5 MB.

Unloading 33 unused Assets to reduce memory usage. Loaded Objects now: 1992.
Total: 2.247000 ms (FindLiveObjects: 0.190400 ms CreateObjectMapping: 0.040800 ms MarkObjects: 1.474600 ms  DeleteObjects: 0.540200 ms)

========================================================================
Received Prepare
Registering precompiled user dll's ...
Registered in 0.002261 seconds.
Begin MonoManager ReloadAssembly
Native extension for WindowsStandalone target not found
Native extension for WebGL target not found
Refreshing native plugins compatible for Editor in 0.37 ms, found 0 plugins.
Preloading 0 native plugins for Editor in 0.00 ms.
Mono: successfully reloaded assembly
- Completed reload, in  0.806 seconds
Platform modules already initialized, skipping
Refreshing native plugins compatible for Editor in 0.36 ms, found 0 plugins.
Preloading 0 native plugins for Editor in 0.00 ms.
Unloading 1520 Unused Serialized files (Serialized files now loaded: 0)
System memory in use before: 75.3 MB.
System memory in use after: 73.5 MB.

Unloading 33 unused Assets to reduce memory usage. Loaded Objects now: 1994.
Total: 2.334300 ms (FindLiveObjects: 0.230500 ms CreateObjectMapping: 0.065000 ms MarkObjects: 1.489600 ms  DeleteObjects: 0.547700 ms)

========================================================================
Received Prepare
Refreshing native plugins compatible for Editor in 2.85 ms, found 0 plugins.
Preloading 0 native plugins for Editor in 0.00 ms.
Unloading 32 Unused Serialized files (Serialized files now loaded: 0)
System memory in use before: 45.5 MB.
System memory in use after: 43.7 MB.

Unloading 31 unused Assets to reduce memory usage. Loaded Objects now: 1994.
Total: 2.549200 ms (FindLiveObjects: 0.266400 ms CreateObjectMapping: 0.080700 ms MarkObjects: 1.640100 ms  DeleteObjects: 0.561200 ms)

========================================================================
Received Prepare
Registering precompiled user dll's ...
Registered in 0.002800 seconds.
Begin MonoManager ReloadAssembly
Native extension for WindowsStandalone target not found
Native extension for WebGL target not found
Refreshing native plugins compatible for Editor in 0.28 ms, found 0 plugins.
Preloading 0 native plugins for Editor in 0.00 ms.
Mono: successfully reloaded assembly
- Completed reload, in  0.782 seconds
Platform modules already initialized, skipping
Refreshing native plugins compatible for Editor in 0.31 ms, found 0 plugins.
Preloading 0 native plugins for Editor in 0.00 ms.
Unloading 1520 Unused Serialized files (Serialized files now loaded: 0)
System memory in use before: 75.3 MB.
System memory in use after: 73.5 MB.

Unloading 33 unused Assets to reduce memory usage. Loaded Objects now: 1996.
Total: 2.222800 ms (FindLiveObjects: 0.148400 ms CreateObjectMapping: 0.039400 ms MarkObjects: 1.518200 ms  DeleteObjects: 0.515800 ms)

========================================================================
Received Prepare
Refreshing native plugins compatible for Editor in 1.68 ms, found 0 plugins.
Preloading 0 native plugins for Editor in 0.00 ms.
Unloading 32 Unused Serialized files (Serialized files now loaded: 0)
System memory in use before: 45.5 MB.
System memory in use after: 43.7 MB.

Unloading 31 unused Assets to reduce memory usage. Loaded Objects now: 1996.
Total: 2.685500 ms (FindLiveObjects: 0.152600 ms CreateObjectMapping: 0.041400 ms MarkObjects: 1.943800 ms  DeleteObjects: 0.547200 ms)

========================================================================
Received Import Request.
  Time since last request: 5611.550111 seconds.
  path: Assets/Resources/Scripts/Turn_Scripts/Turn_Manager.cs
  artifactKey: Guid(56018b7259927524399e79bdbe5a1e59) Importer(815301076,1909f56bfc062723c751e8b465ee728b)
Start importing Assets/Resources/Scripts/Turn_Scripts/Turn_Manager.cs using Guid(56018b7259927524399e79bdbe5a1e59) Importer(815301076,1909f56bfc062723c751e8b465ee728b)  -> (artifact id: '9513288ef162ed36570ffee09dc9827f') in 0.039133 seconds
  Import took 0.049260 seconds .

========================================================================
Received Import Request.
  Time since last request: 0.006571 seconds.
  path: Assets/Resources/Scripts/Turn_Scripts/Turn_Manager.cs
  artifactKey: Guid(56018b7259927524399e79bdbe5a1e59) Importer(815301076,1909f56bfc062723c751e8b465ee728b)
Start importing Assets/Resources/Scripts/Turn_Scripts/Turn_Manager.cs using Guid(56018b7259927524399e79bdbe5a1e59) Importer(815301076,1909f56bfc062723c751e8b465ee728b)  -> (artifact id: '9513288ef162ed36570ffee09dc9827f') in 0.002816 seconds
  Import took 0.008384 seconds .

========================================================================
Received Import Request.
  Time since last request: 110.065866 seconds.
  path: Assets/Resources/Scripts/Cards/CardDatabase.cs
  artifactKey: Guid(fd58da905a576d647b3d99cae195ddb6) Importer(815301076,1909f56bfc062723c751e8b465ee728b)
Start importing Assets/Resources/Scripts/Cards/CardDatabase.cs using Guid(fd58da905a576d647b3d99cae195ddb6) Importer(815301076,1909f56bfc062723c751e8b465ee728b)  -> (artifact id: '2b1b1869a97568685a77fb63e6360ef5') in 0.012736 seconds
  Import took 0.017667 seconds .

========================================================================
Received Import Request.
  Time since last request: 17.482159 seconds.
  path: Assets/Resources/Scripts/Deck_Scripts/Deck_InBattle_Manager.cs
  artifactKey: Guid(c46046a0e768dfb4293f0849d7fad624) Importer(815301076,1909f56bfc062723c751e8b465ee728b)
Start importing Assets/Resources/Scripts/Deck_Scripts/Deck_InBattle_Manager.cs using Guid(c46046a0e768dfb4293f0849d7fad624) Importer(815301076,1909f56bfc062723c751e8b465ee728b)  -> (artifact id: 'cebd7a81a088187a094d4eea2136847c') in 0.008626 seconds
  Import took 0.012954 seconds .

========================================================================
Received Import Request.
  Time since last request: 17.557151 seconds.
  path: Assets/Resources/Scripts/Deck_Scripts/Deck_InBattle_Manager.cs
  artifactKey: Guid(c46046a0e768dfb4293f0849d7fad624) Importer(815301076,1909f56bfc062723c751e8b465ee728b)
Start importing Assets/Resources/Scripts/Deck_Scripts/Deck_InBattle_Manager.cs using Guid(c46046a0e768dfb4293f0849d7fad624) Importer(815301076,1909f56bfc062723c751e8b465ee728b)  -> (artifact id: '1f09aed9509895ee33bb4ca75e40b606') in 0.002358 seconds
  Import took 0.006009 seconds .

========================================================================
Received Prepare
Registering precompiled user dll's ...
Registered in 0.002273 seconds.
Begin MonoManager ReloadAssembly
Native extension for WindowsStandalone target not found
Native extension for WebGL target not found
Refreshing native plugins compatible for Editor in 0.34 ms, found 0 plugins.
Preloading 0 native plugins for Editor in 0.00 ms.
Mono: successfully reloaded assembly
- Completed reload, in  0.881 seconds
Platform modules already initialized, skipping
Refreshing native plugins compatible for Editor in 0.31 ms, found 0 plugins.
Preloading 0 native plugins for Editor in 0.00 ms.
Unloading 1520 Unused Serialized files (Serialized files now loaded: 0)
System memory in use before: 75.3 MB.
System memory in use after: 73.5 MB.

Unloading 33 unused Assets to reduce memory usage. Loaded Objects now: 1998.
Total: 2.455100 ms (FindLiveObjects: 0.178800 ms CreateObjectMapping: 0.042100 ms MarkObjects: 1.685900 ms  DeleteObjects: 0.546700 ms)

========================================================================
Received Prepare
Refreshing native plugins compatible for Editor in 2.31 ms, found 0 plugins.
Preloading 0 native plugins for Editor in 0.00 ms.
Unloading 32 Unused Serialized files (Serialized files now loaded: 0)
System memory in use before: 45.5 MB.
System memory in use after: 43.7 MB.

Unloading 31 unused Assets to reduce memory usage. Loaded Objects now: 1998.
Total: 2.937900 ms (FindLiveObjects: 0.173100 ms CreateObjectMapping: 0.055100 ms MarkObjects: 2.083500 ms  DeleteObjects: 0.625100 ms)

========================================================================
Received Prepare
Registering precompiled user dll's ...
Registered in 0.002163 seconds.
Begin MonoManager ReloadAssembly
Native extension for WindowsStandalone target not found
Native extension for WebGL target not found
Refreshing native plugins compatible for Editor in 0.28 ms, found 0 plugins.
Preloading 0 native plugins for Editor in 0.00 ms.
Mono: successfully reloaded assembly
- Completed reload, in  0.760 seconds
Platform modules already initialized, skipping
Refreshing native plugins compatible for Editor in 0.30 ms, found 0 plugins.
Preloading 0 native plugins for Editor in 0.00 ms.
Unloading 1520 Unused Serialized files (Serialized files now loaded: 0)
System memory in use before: 75.3 MB.
System memory in use after: 73.5 MB.

Unloading 33 unused Assets to reduce memory usage. Loaded Objects now: 2000.
Total: 2.342900 ms (FindLiveObjects: 0.155300 ms CreateObjectMapping: 0.052300 ms MarkObjects: 1.626500 ms  DeleteObjects: 0.507800 ms)

========================================================================
Received Prepare
Refreshing native plugins compatible for Editor in 1.73 ms, found 0 plugins.
Preloading 0 native plugins for Editor in 0.00 ms.
Unloading 32 Unused Serialized files (Serialized files now loaded: 0)
System memory in use before: 45.5 MB.
System memory in use after: 43.7 MB.

Unloading 31 unused Assets to reduce memory usage. Loaded Objects now: 2000.
Total: 2.509600 ms (FindLiveObjects: 0.145800 ms CreateObjectMapping: 0.047000 ms MarkObjects: 1.646900 ms  DeleteObjects: 0.668700 ms)

========================================================================
Received Prepare
Registering precompiled user dll's ...
Registered in 0.002155 seconds.
Begin MonoManager ReloadAssembly
Native extension for WindowsStandalone target not found
Native extension for WebGL target not found
Refreshing native plugins compatible for Editor in 0.30 ms, found 0 plugins.
Preloading 0 native plugins for Editor in 0.00 ms.
Mono: successfully reloaded assembly
- Completed reload, in  0.793 seconds
Platform modules already initialized, skipping
Refreshing native plugins compatible for Editor in 0.29 ms, found 0 plugins.
Preloading 0 native plugins for Editor in 0.00 ms.
Unloading 1520 Unused Serialized files (Serialized files now loaded: 0)
System memory in use before: 75.3 MB.
System memory in use after: 73.5 MB.

Unloading 33 unused Assets to reduce memory usage. Loaded Objects now: 2002.
Total: 2.307800 ms (FindLiveObjects: 0.149200 ms CreateObjectMapping: 0.039100 ms MarkObjects: 1.589700 ms  DeleteObjects: 0.528900 ms)

========================================================================
Received Prepare
Refreshing native plugins compatible for Editor in 1.90 ms, found 0 plugins.
Preloading 0 native plugins for Editor in 0.00 ms.
Unloading 32 Unused Serialized files (Serialized files now loaded: 0)
System memory in use before: 45.5 MB.
System memory in use after: 43.7 MB.

Unloading 31 unused Assets to reduce memory usage. Loaded Objects now: 2002.
Total: 2.263000 ms (FindLiveObjects: 0.199900 ms CreateObjectMapping: 0.044800 ms MarkObjects: 1.435900 ms  DeleteObjects: 0.581200 ms)

AssetImportWorkerClient::OnTransportError - code=2 error=End of file
