Using pre-set license
Built from '2020.3/staging' branch; Version is '2020.3.9f1 (108be757e447) revision 1084391'; Using compiler version '192528614'; Build Type 'Release'
OS: 'Windows 10 Home; OS build 19042.1052; Version 2009; 64bit' Language: 'en' Physical Memory: 8043 MB
BatchMode: 1, IsHumanControllingUs: 0, StartBugReporterOnCrash: 0, Is64bit: 1, IsPro: 0

 COMMAND LINE ARGUMENTS:
C:\Program Files\UnityEditors\2020.3.9f1\Editor\Unity.exe
-adb2
-batchMode
-noUpm
-name
AssetImportWorker0
-projectPath
C:/Users/NarraAtor/source/repos/Synergi-Copy/Synergi card game
-logFile
Logs/AssetImportWorker0.log
-srvPort
12800
Successfully changed project path to: C:/Users/NarraAtor/source/repos/Synergi-Copy/Synergi card game
C:/Users/NarraAtor/source/repos/Synergi-Copy/Synergi card game
Using Asset Import Pipeline V2.
Refreshing native plugins compatible for Editor in 31.19 ms, found 0 plugins.
Preloading 0 native plugins for Editor in 0.00 ms.
Initialize engine version: 2020.3.9f1 (108be757e447)
[Subsystems] Discovering subsystems at path C:/Program Files/UnityEditors/2020.3.9f1/Editor/Data/Resources/UnitySubsystems
[Subsystems] Discovering subsystems at path C:/Users/NarraAtor/source/repos/Synergi-Copy/Synergi card game/Assets
GfxDevice: creating device client; threaded=0
Direct3D:
    Version:  Direct3D 11.0 [level 11.1]
    Renderer: NVIDIA GeForce GTX 1650 (ID=0x1f91)
    Vendor:   
    VRAM:     3962 MB
    Driver:   27.21.14.6663
Initialize mono
Mono path[0] = 'C:/Program Files/UnityEditors/2020.3.9f1/Editor/Data/Managed'
Mono path[1] = 'C:/Program Files/UnityEditors/2020.3.9f1/Editor/Data/MonoBleedingEdge/lib/mono/unityjit'
Mono config path = 'C:/Program Files/UnityEditors/2020.3.9f1/Editor/Data/MonoBleedingEdge/etc'
Using monoOptions --debugger-agent=transport=dt_socket,embedding=1,server=y,suspend=n,address=127.0.0.1:56136
Begin MonoManager ReloadAssembly
Registering precompiled unity dll's ...
Register platform support module: C:/Program Files/UnityEditors/2020.3.9f1/Editor/Data/PlaybackEngines/WebGLSupport/UnityEditor.WebGL.Extensions.dll
Register platform support module: C:/Program Files/UnityEditors/2020.3.9f1/Editor/Data/PlaybackEngines/WindowsStandaloneSupport/UnityEditor.WindowsStandalone.Extensions.dll
Registered in 0.242329 seconds.
Native extension for WindowsStandalone target not found
Native extension for WebGL target not found
Refreshing native plugins compatible for Editor in 25.87 ms, found 0 plugins.
Preloading 0 native plugins for Editor in 0.00 ms.
Mono: successfully reloaded assembly
- Completed reload, in  8.798 seconds
Platform modules already initialized, skipping
Registering precompiled user dll's ...
Registered in 0.187228 seconds.
Begin MonoManager ReloadAssembly
Native extension for WindowsStandalone target not found
Native extension for WebGL target not found
Refreshing native plugins compatible for Editor in 0.32 ms, found 0 plugins.
Preloading 0 native plugins for Editor in 0.00 ms.
Mono: successfully reloaded assembly
- Completed reload, in  2.545 seconds
Platform modules already initialized, skipping
========================================================================
Worker process is ready to serve import requests
Launched and connected shader compiler UnityShaderCompiler.exe after 0.09 seconds
Refreshing native plugins compatible for Editor in 0.29 ms, found 0 plugins.
Preloading 0 native plugins for Editor in 0.00 ms.
Unloading 1427 Unused Serialized files (Serialized files now loaded: 0)
System memory in use before: 72.8 MB.
System memory in use after: 72.8 MB.

Unloading 13 unused Assets to reduce memory usage. Loaded Objects now: 1867.
Total: 1.998400 ms (FindLiveObjects: 0.150800 ms CreateObjectMapping: 0.037100 ms MarkObjects: 1.746700 ms  DeleteObjects: 0.063000 ms)

========================================================================
Received Import Request.
  path: Assets/Resources/Scripts/Turn_Scripts/Turn_Manager.cs
  artifactKey: Guid(56018b7259927524399e79bdbe5a1e59) Importer(815301076,1909f56bfc062723c751e8b465ee728b)
Start importing Assets/Resources/Scripts/Turn_Scripts/Turn_Manager.cs using Guid(56018b7259927524399e79bdbe5a1e59) Importer(815301076,1909f56bfc062723c751e8b465ee728b)  -> (artifact id: '60ff9e50b969e4b88450bd923b50b7db') in 0.042100 seconds
  Import took 0.044202 seconds .

========================================================================
Received Import Request.
  Time since last request: 41.465847 seconds.
  path: Assets/Resources/Scripts/Turn_Scripts/Turn_Manager.cs
  artifactKey: Guid(56018b7259927524399e79bdbe5a1e59) Importer(815301076,1909f56bfc062723c751e8b465ee728b)
Start importing Assets/Resources/Scripts/Turn_Scripts/Turn_Manager.cs using Guid(56018b7259927524399e79bdbe5a1e59) Importer(815301076,1909f56bfc062723c751e8b465ee728b)  -> (artifact id: '1c8b48656387b39f5c7eb1741b8044f0') in 0.002255 seconds
  Import took 0.004321 seconds .

========================================================================
Received Prepare
Registering precompiled user dll's ...
Registered in 0.002584 seconds.
Begin MonoManager ReloadAssembly
Native extension for WindowsStandalone target not found
Native extension for WebGL target not found
Refreshing native plugins compatible for Editor in 0.28 ms, found 0 plugins.
Preloading 0 native plugins for Editor in 0.00 ms.
Mono: successfully reloaded assembly
- Completed reload, in  0.818 seconds
Platform modules already initialized, skipping
Refreshing native plugins compatible for Editor in 0.30 ms, found 0 plugins.
Preloading 0 native plugins for Editor in 0.00 ms.
Unloading 1383 Unused Serialized files (Serialized files now loaded: 0)
System memory in use before: 68.9 MB.
System memory in use after: 69.0 MB.

Unloading 8 unused Assets to reduce memory usage. Loaded Objects now: 1870.
Total: 1.919400 ms (FindLiveObjects: 0.128200 ms CreateObjectMapping: 0.035900 ms MarkObjects: 1.735400 ms  DeleteObjects: 0.018900 ms)

========================================================================
Received Prepare
Refreshing native plugins compatible for Editor in 2.49 ms, found 0 plugins.
Preloading 0 native plugins for Editor in 0.00 ms.
Unloading 6 Unused Serialized files (Serialized files now loaded: 0)
System memory in use before: 41.6 MB.
System memory in use after: 41.7 MB.

Unloading 6 unused Assets to reduce memory usage. Loaded Objects now: 1870.
Total: 1.585700 ms (FindLiveObjects: 0.125600 ms CreateObjectMapping: 0.037700 ms MarkObjects: 1.411900 ms  DeleteObjects: 0.009700 ms)

